[info] 2024/11/27 - 00:10:31 "Logger initialized successfully"
[info] 2024/11/27 - 00:10:31 "Config loaded successfully"
[info] 2024/11/27 - 00:10:31 "Database connected successfully"
[info] 2024/11/27 - 00:10:31 "Redis connected successfully"
[info] 2024/11/27 - 00:10:31 "router initialized successfully"
[info] 2024/11/27 - 00:10:38 "Shutdown Server ..."
[info] 2024/11/27 - 00:10:38 "Server exiting"


[info] 2024/11/27 - 00:44:01 "Logger initialized successfully"
[info] 2024/11/27 - 00:44:01 "Config loaded successfully"
[info] 2024/11/27 - 00:44:01 "Database connected successfully"
[info] 2024/11/27 - 00:44:01 "Redis connected successfully"
[info] 2024/11/27 - 00:44:01 "router initialized successfully"
[GIN] 2024/11/27 - 00:44:06 | 401 |       525.6µs |       127.0.0.1 | GET     "/users"
[info] 2024/11/27 - 00:44:12 "Shutdown Server ..."
[info] 2024/11/27 - 00:44:12 "Server exiting"


[info] 2024/11/27 - 01:02:19 "Logger initialized successfully"
[info] 2024/11/27 - 01:02:19 "Config loaded successfully"
[info] 2024/11/27 - 01:02:19 "Database connected successfully"
[info] 2024/11/27 - 01:02:19 "Redis connected successfully"
[info] 2024/11/27 - 01:02:19 "router initialized successfully"
[GIN] 2024/11/27 - 01:02:23 | 200 |      2.8305ms |       127.0.0.1 | POST    "/users/token"
[GIN] 2024/11/27 - 01:02:32 | 200 |      1.4565ms |       127.0.0.1 | GET     "/users"
[GIN] 2024/11/27 - 01:03:26 | 400 |            0s |       127.0.0.1 | POST    "/videos/chunk"
[info] 2024/11/27 - 01:05:47 "Shutdown Server ..."
[info] 2024/11/27 - 01:05:47 "Server exiting"


[info] 2024/11/27 - 01:08:16 "Logger initialized successfully"
[info] 2024/11/27 - 01:08:16 "Config loaded successfully"
[info] 2024/11/27 - 01:08:16 "Database connected successfully"
[info] 2024/11/27 - 01:08:16 "Redis connected successfully"
[info] 2024/11/27 - 01:08:16 "router initialized successfully"
[GIN] 2024/11/27 - 01:08:23 | 400 |      1.1772ms |       127.0.0.1 | POST    "/videos/chunk"
[GIN] 2024/11/27 - 01:10:23 | 400 |    109.4825ms |       127.0.0.1 | POST    "/videos/chunk"
[info] 2024/11/27 - 01:11:31 "Shutdown Server ..."
[info] 2024/11/27 - 01:11:31 "Server exiting"


[info] 2024/11/27 - 01:11:35 "Logger initialized successfully"
[info] 2024/11/27 - 01:11:35 "Config loaded successfully"
[info] 2024/11/27 - 01:11:35 "Database connected successfully"
[info] 2024/11/27 - 01:11:35 "Redis connected successfully"
[info] 2024/11/27 - 01:11:35 "router initialized successfully"
[GIN] 2024/11/27 - 01:11:39 | 400 |    118.4659ms |       127.0.0.1 | POST    "/videos/chunk"
[info] 2024/11/27 - 01:12:21 "Shutdown Server ..."
[info] 2024/11/27 - 01:12:21 "Server exiting"


[info] 2024/11/27 - 01:13:38 "Logger initialized successfully"
[info] 2024/11/27 - 01:13:38 "Config loaded successfully"
[info] 2024/11/27 - 01:13:38 "Database connected successfully"
[info] 2024/11/27 - 01:13:38 "Redis connected successfully"
[info] 2024/11/27 - 01:13:38 "router initialized successfully"
[info] 2024/11/27 - 01:13:43 "Shutdown Server ..."
[info] 2024/11/27 - 01:13:43 "Server exiting"


[info] 2024/11/27 - 01:13:55 "Logger initialized successfully"
[info] 2024/11/27 - 01:13:56 "Config loaded successfully"
[info] 2024/11/27 - 01:13:56 "Database connected successfully"
[info] 2024/11/27 - 01:13:56 "Redis connected successfully"
[info] 2024/11/27 - 01:13:56 "router initialized successfully"
[GIN] 2024/11/27 - 01:13:58 | 400 |     44.9756ms |       127.0.0.1 | POST    "/videos/chunk"
[info] 2024/11/27 - 01:22:11 "Shutdown Server ..."
[info] 2024/11/27 - 01:22:11 "Server exiting"


[info] 2024/11/27 - 01:24:47 "Logger initialized successfully"
[info] 2024/11/27 - 01:24:47 "Config loaded successfully"
[info] 2024/11/27 - 01:24:47 "Database connected successfully"
[info] 2024/11/27 - 01:24:47 "Redis connected successfully"
[info] 2024/11/27 - 01:24:47 "router initialized successfully"
[GIN] 2024/11/27 - 01:24:52 | 200 |     85.3692ms |       127.0.0.1 | POST    "/videos/chunk"
[GIN] 2024/11/27 - 01:26:25 | 200 |    145.8285ms |       127.0.0.1 | POST    "/videos/chunk"
[GIN] 2024/11/27 - 01:26:49 | 200 |     13.9861ms |       127.0.0.1 | POST    "/videos/chunk"
[error] 2024/11/27 - 01:32:45 E:/Project/videohub/internal/service/video_upload.go:95 "failed to create output file storage\videos\data\BV1TJBsYDEeg.mp4: open storage\videos\data\BV1TJBsYDEeg.mp4: The system cannot find the path specified."
[GIN] 2024/11/27 - 01:32:45 | 500 |     45.1775ms |       127.0.0.1 | POST    "/videos/complete"
[error] 2024/11/27 - 01:34:31 E:/Project/videohub/internal/service/video_upload.go:95 "failed to create output file storage\videos\data\BV1TJBsYDEeg.mp4: open storage\videos\data\BV1TJBsYDEeg.mp4: The system cannot find the path specified."
[GIN] 2024/11/27 - 01:34:31 | 500 |     24.9016ms |       127.0.0.1 | POST    "/videos/complete"
[info] 2024/11/27 - 01:36:23 "Shutdown Server ..."
[info] 2024/11/27 - 01:36:23 "Server exiting"


[info] 2024/11/27 - 01:39:49 "Logger initialized successfully"
[info] 2024/11/27 - 01:39:49 "Config loaded successfully"
[info] 2024/11/27 - 01:39:49 "Database connected successfully"
[info] 2024/11/27 - 01:39:49 "Redis connected successfully"
[info] 2024/11/27 - 01:39:49 "router initialized successfully"
[error] 2024/11/27 - 01:39:56 E:/Project/videohub/internal/service/video_upload.go:110 "Error 1366 (HY000): Incorrect integer value: 'BV1TJBsYDEeg' for column 'upload_id' at row 1"
[GIN] 2024/11/27 - 01:39:56 | 500 |     61.9348ms |       127.0.0.1 | POST    "/videos/complete"
[info] 2024/11/27 - 01:40:18 "Shutdown Server ..."
[info] 2024/11/27 - 01:40:18 "Server exiting"


[info] 2024/11/27 - 01:41:06 "Logger initialized successfully"
[info] 2024/11/27 - 01:41:06 "Config loaded successfully"
[info] 2024/11/27 - 01:41:06 "Database connected successfully"
[info] 2024/11/27 - 01:41:06 "Redis connected successfully"
[info] 2024/11/27 - 01:41:06 "router initialized successfully"
[GIN] 2024/11/27 - 01:41:10 | 200 |     58.3039ms |       127.0.0.1 | POST    "/videos/complete"
[info] 2024/11/27 - 01:49:56 "Shutdown Server ..."
[info] 2024/11/27 - 01:49:56 "Server exiting"


[info] 2024/11/27 - 01:50:00 "Logger initialized successfully"
[info] 2024/11/27 - 01:50:00 "Config loaded successfully"
[info] 2024/11/27 - 01:50:00 "Database connected successfully"
[info] 2024/11/27 - 01:50:00 "Redis connected successfully"
[info] 2024/11/27 - 01:50:00 "router initialized successfully"
[error] 2024/11/27 - 01:50:07 E:/Project/videohub/internal/service/video_upload.go:110 "Error 1062 (23000): Duplicate entry 'BV1TJBsYDEeg' for key 'videos.PRIMARY'"
[GIN] 2024/11/27 - 01:50:07 | 500 |    107.3647ms |       127.0.0.1 | POST    "/videos/complete"
[error] 2024/11/27 - 01:51:14 E:/Project/videohub/internal/service/video_upload.go:68 "open storage\videos\tmp\BV1TJBsYDEec: The system cannot find the file specified."
[GIN] 2024/11/27 - 01:51:14 | 500 |      1.5484ms |       127.0.0.1 | POST    "/videos/complete"
[GIN] 2024/11/27 - 01:51:39 | 200 |     47.1492ms |       127.0.0.1 | POST    "/videos/complete"
[info] 2024/11/27 - 01:52:07 "Shutdown Server ..."
[info] 2024/11/27 - 01:52:07 "Server exiting"


[info] 2024/11/27 - 01:52:11 "Logger initialized successfully"
[info] 2024/11/27 - 01:52:11 "Config loaded successfully"
[info] 2024/11/27 - 01:52:11 "Database connected successfully"
[info] 2024/11/27 - 01:52:11 "Redis connected successfully"
[info] 2024/11/27 - 01:52:11 "router initialized successfully"
[error] 2024/11/27 - 01:52:16 E:/Project/videohub/internal/service/video_upload.go:68 "chunks are missing"
[GIN] 2024/11/27 - 01:52:16 | 500 |      1.5656ms |       127.0.0.1 | POST    "/videos/complete"
[GIN] 2024/11/27 - 01:52:43 | 200 |     41.3199ms |       127.0.0.1 | POST    "/videos/chunk"
[GIN] 2024/11/27 - 01:53:24 | 200 |    197.1573ms |       127.0.0.1 | POST    "/videos/chunk"
[GIN] 2024/11/27 - 01:53:47 | 200 |     76.6437ms |       127.0.0.1 | POST    "/videos/chunk"
[GIN] 2024/11/27 - 01:53:59 | 200 |      46.226ms |       127.0.0.1 | POST    "/videos/complete"
[info] 2024/11/27 - 01:54:33 "Shutdown Server ..."
[info] 2024/11/27 - 01:54:33 "Server exiting"


