[info] 2024/11/26 - 22:34:55 "Logger initialized successfully"
[info] 2024/11/26 - 22:34:55 "Config loaded successfully"
[info] 2024/11/26 - 22:34:55 "Database connected successfully"
[info] 2024/11/26 - 22:34:55 "Redis connected successfully"
[info] 2024/11/26 - 22:34:55 "router initialized successfully"
[info] 2024/11/26 - 22:36:05 "Shutdown Server ..."
[info] 2024/11/26 - 22:36:05 "Server exiting"


[info] 2024/11/26 - 22:36:09 "Logger initialized successfully"
[info] 2024/11/26 - 22:36:09 "Config loaded successfully"
[info] 2024/11/26 - 22:36:09 "Database connected successfully"
[info] 2024/11/26 - 22:36:10 "Redis connected successfully"
[info] 2024/11/26 - 22:36:10 "router initialized successfully"
[info] 2024/11/26 - 22:36:28 "Shutdown Server ..."
[info] 2024/11/26 - 22:36:28 "Server exiting"


[info] 2024/11/26 - 22:39:35 "Logger initialized successfully"
[info] 2024/11/26 - 22:39:35 "Config loaded successfully"
[info] 2024/11/26 - 22:39:35 "Database connected successfully"
[info] 2024/11/26 - 22:39:35 "Redis connected successfully"
[info] 2024/11/26 - 22:39:35 "router initialized successfully"
[info] 2024/11/26 - 22:39:38 "Shutdown Server ..."
[info] 2024/11/26 - 22:39:38 "Server exiting"


